 Processing passed argument "top=native_state_monomer_sims/1yta_ca_a.top"
 Parameter: top <- "native_state_monomer_sims/1yta_ca_a.top"
 Processing passed argument "param=native_state_monomer_sims/1yta_ca_a.prm"
 Parameter: param <- "native_state_monomer_sims/1yta_ca_a.prm"
 Processing passed argument "psf=native_state_monomer_sims/1yta_ca_a.psf"
 Parameter: psf <- "native_state_monomer_sims/1yta_ca_a.psf"
 Processing passed argument "inpath=msm/post_translation/slow/1-200/1/1_i33_post_trans_1yta.dcd"
 Parameter: inpath <- "msm/post_translation/slow/1-200/1/1_i33_post_trans_1yta.dcd"
 Processing passed argument "nsteps=2000"
 Parameter: nsteps <- "2000"
 Processing passed argument "nres=181"
 Parameter: nres <- "181"
 Processing passed argument "outpath=sasa_data/synthesis/1_slow_1yta_ca_synth_charmm_sasa.txt"
 Parameter: outpath <- "sasa_data/synthesis/1_slow_1yta_ca_synth_charmm_sasa.txt"
1
                 Chemistry at HARvard Macromolecular Mechanics
                   (CHARMM) - Developmental Version 35b5     August 15, 2010   
       Copyright(c) 1984-2001  President and Fellows of Harvard College
                              All Rights Reserved
      Current operating system: Linux-3.10.0-1160.49.1.el7.x86_64(x86_64)@co
                 Created on  1/25/22 at  1: 7:52 by user: ims86       

            Maximum number of ATOMS:    360720, and RESidues:      120240
            Current HEAP size:        10240000, and STACK size:  10000000

 Processing passed argument "top=native_state_monomer_sims/1yta_ca_a.top"
 Parameter: TOP <- "NATIVE_STATE_MONOMER_SIMS/1YTA_CA_A.TOP"
 Processing passed argument "param=native_state_monomer_sims/1yta_ca_a.prm"
 Parameter: PARAM <- "NATIVE_STATE_MONOMER_SIMS/1YTA_CA_A.PRM"
 Processing passed argument "psf=native_state_monomer_sims/1yta_ca_a.psf"
 Parameter: PSF <- "NATIVE_STATE_MONOMER_SIMS/1YTA_CA_A.PSF"
 Processing passed argument "inpath=msm/post_translation/slow/1-200/1/1_i33_post_trans_1yta.dcd"
 Parameter: INPATH <- "MSM/POST_TRANSLATION/SLOW/1-200/1/1_I33_POST_TRANS_1YTA.DCD"
 Processing passed argument "nsteps=2000"
 Parameter: NSTEPS <- "2000"
 Processing passed argument "nres=181"
 Parameter: NRES <- "181"
 Processing passed argument "outpath=sasa_data/synthesis/1_slow_1yta_ca_synth_charmm_sasa.txt"
 Parameter: OUTPATH <- "SASA_DATA/SYNTHESIS/1_SLOW_1YTA_CA_SYNTH_CHARMM_SASA.TXT"
 RDTITL> * CHARMM
 RDTITL> * DANIEL A. NISSLEY, PHD
 RDTITL> * 02/28/2019
 RDTITL>  
  
 CHARMM>     
  
 CHARMM>    prnlev 3
  
 CHARMM>    bomlev 0
  
 CHARMM>     
  
 CHARMM>    IOFO EXTE
 MISCOM> Expanded I/O format is used.
  
 CHARMM>     
  
 CHARMM>    ! @top     -> topology file
 CHARMM>    ! @param   -> parameter file
 CHARMM>    ! @psf     -> protein structure file
 CHARMM>    ! @inpath  -> path to input DCD file
 CHARMM>    ! @outpath -> path to output file
 CHARMM>    ! @nsteps  -> total number of time steps
 CHARMM>    ! @nres    -> number of atoms (residues = atoms for CG model)
 CHARMM>     
  
 CHARMM>    ! load CHARMM input files
 CHARMM>    read rtf card name        @top
 Parameter: TOP -> "NATIVE_STATE_MONOMER_SIMS/1YTA_CA_A.TOP"
 VOPEN> Attempting to open::native_state_monomer_sims/1yta_ca_a.top::
 MAINIO> Residue topology file being read from unit  90.
 TITLE> * THIS CHARMM .TOP FILE DESCRIBES A CA-CB GO MODEL OF COMPLEX
 TITLE> *
 VCLOSE: Closing unit   90 with status "KEEP"
  
 CHARMM>    read param card flex name @param
 Parameter: PARAM -> "NATIVE_STATE_MONOMER_SIMS/1YTA_CA_A.PRM"
 VOPEN> Attempting to open::native_state_monomer_sims/1yta_ca_a.prm::

          PARAMETER FILE BEING READ FROM UNIT 90
 TITLE> * THIS CHARMM .PARAM FILE DESCRIBES A GO MODEL OF COMPLEX
 TITLE> *
  GENA:     1.600467  106.400000    2.268928   26.300000    0.100000    4.300000
  GENA:     1.600467  106.400000    2.268928   26.300000    0.100000    4.300000
  GENA:     1.600467  106.400000    2.268928   26.300000    0.100000    4.300000
  GENA:     1.600467  106.400000    2.268928   26.300000    0.100000    4.300000
  GENA:     1.600467  106.400000    2.268928   26.300000    0.100000    4.300000
  GENA:     1.600467  106.400000    2.268928   26.300000    0.100000    4.300000
  GENA:     1.600467  106.400000    2.268928   26.300000    0.100000    4.300000
  GENA:     1.600467  106.400000    2.268928   26.300000    0.100000    4.300000
  GENA:     1.600467  106.400000    2.268928   26.300000    0.100000    4.300000
  GENA:     1.600467  106.400000    2.268928   26.300000    0.100000    4.300000
  GENA:     1.600467  106.400000    2.268928   26.300000    0.100000    4.300000
  GENA:     1.600467  106.400000    2.268928   26.300000    0.100000    4.300000
  GENA:     1.600467  106.400000    2.268928   26.300000    0.100000    4.300000
  GENA:     1.600467  106.400000    2.268928   26.300000    0.100000    4.300000
  GENA:     1.600467  106.400000    2.268928   26.300000    0.100000    4.300000
  GENA:     1.600467  106.400000    2.268928   26.300000    0.100000    4.300000
  GENA:     1.600467  106.400000    2.268928   26.300000    0.100000    4.300000
  GENA:     1.600467  106.400000    2.268928   26.300000    0.100000    4.300000
  GENA:     1.600467  106.400000    2.268928   26.300000    0.100000    4.300000
  GENA:     1.600467  106.400000    2.268928   26.300000    0.100000    4.300000
  GENA:     1.600467  106.400000    2.268928   26.300000    0.100000    4.300000
  GENA:     1.600467  106.400000    2.268928   26.300000    0.100000    4.300000
  GENA:     1.600467  106.400000    2.268928   26.300000    0.100000    4.300000
  GENA:     1.600467  106.400000    2.268928   26.300000    0.100000    4.300000
  GENA:     1.600467  106.400000    2.268928   26.300000    0.100000    4.300000
  GENA:     1.600467  106.400000    2.268928   26.300000    0.100000    4.300000
  GENA:     1.600467  106.400000    2.268928   26.300000    0.100000    4.300000
  GENA:     1.600467  106.400000    2.268928   26.300000    0.100000    4.300000
  GENA:     1.600467  106.400000    2.268928   26.300000    0.100000    4.300000
  GENA:     1.600467  106.400000    2.268928   26.300000    0.100000    4.300000
  GENA:     1.600467  106.400000    2.268928   26.300000    0.100000    4.300000
  GENA:     1.600467  106.400000    2.268928   26.300000    0.100000    4.300000
  GENA:     1.600467  106.400000    2.268928   26.300000    0.100000    4.300000
  GENA:     1.600467  106.400000    2.268928   26.300000    0.100000    4.300000
  GENA:     1.600467  106.400000    2.268928   26.300000    0.100000    4.300000
  GENA:     1.600467  106.400000    2.268928   26.300000    0.100000    4.300000
  GENA:     1.600467  106.400000    2.268928   26.300000    0.100000    4.300000
  GENA:     1.600467  106.400000    2.268928   26.300000    0.100000    4.300000
  GENA:     1.600467  106.400000    2.268928   26.300000    0.100000    4.300000
  GENA:     1.600467  106.400000    2.268928   26.300000    0.100000    4.300000
  GENA:     1.600467  106.400000    2.268928   26.300000    0.100000    4.300000
  GENA:     1.600467  106.400000    2.268928   26.300000    0.100000    4.300000
  GENA:     1.600467  106.400000    2.268928   26.300000    0.100000    4.300000
  GENA:     1.600467  106.400000    2.268928   26.300000    0.100000    4.300000
  GENA:     1.600467  106.400000    2.268928   26.300000    0.100000    4.300000
  GENA:     1.600467  106.400000    2.268928   26.300000    0.100000    4.300000
  GENA:     1.600467  106.400000    2.268928   26.300000    0.100000    4.300000
  GENA:     1.600467  106.400000    2.268928   26.300000    0.100000    4.300000
  GENA:     1.600467  106.400000    2.268928   26.300000    0.100000    4.300000
  GENA:     1.600467  106.400000    2.268928   26.300000    0.100000    4.300000
  GENA:     1.600467  106.400000    2.268928   26.300000    0.100000    4.300000
  GENA:     1.600467  106.400000    2.268928   26.300000    0.100000    4.300000
  GENA:     1.600467  106.400000    2.268928   26.300000    0.100000    4.300000
  GENA:     1.600467  106.400000    2.268928   26.300000    0.100000    4.300000
  GENA:     1.600467  106.400000    2.268928   26.300000    0.100000    4.300000
  GENA:     1.600467  106.400000    2.268928   26.300000    0.100000    4.300000
  GENA:     1.600467  106.400000    2.268928   26.300000    0.100000    4.300000
  GENA:     1.600467  106.400000    2.268928   26.300000    0.100000    4.300000
  GENA:     1.600467  106.400000    2.268928   26.300000    0.100000    4.300000
  GENA:     1.600467  106.400000    2.268928   26.300000    0.100000    4.300000
  GENA:     1.600467  106.400000    2.268928   26.300000    0.100000    4.300000
  GENA:     1.600467  106.400000    2.268928   26.300000    0.100000    4.300000
  GENA:     1.600467  106.400000    2.268928   26.300000    0.100000    4.300000
  GENA:     1.600467  106.400000    2.268928   26.300000    0.100000    4.300000
  GENA:     1.600467  106.400000    2.268928   26.300000    0.100000    4.300000
  GENA:     1.600467  106.400000    2.268928   26.300000    0.100000    4.300000
  GENA:     1.600467  106.400000    2.268928   26.300000    0.100000    4.300000
  GENA:     1.600467  106.400000    2.268928   26.300000    0.100000    4.300000
  GENA:     1.600467  106.400000    2.268928   26.300000    0.100000    4.300000
  GENA:     1.600467  106.400000    2.268928   26.300000    0.100000    4.300000
  GENA:     1.600467  106.400000    2.268928   26.300000    0.100000    4.300000
  GENA:     1.600467  106.400000    2.268928   26.300000    0.100000    4.300000
  GENA:     1.600467  106.400000    2.268928   26.300000    0.100000    4.300000
  GENA:     1.600467  106.400000    2.268928   26.300000    0.100000    4.300000
  GENA:     1.600467  106.400000    2.268928   26.300000    0.100000    4.300000
  GENA:     1.600467  106.400000    2.268928   26.300000    0.100000    4.300000
  GENA:     1.600467  106.400000    2.268928   26.300000    0.100000    4.300000
  GENA:     1.600467  106.400000    2.268928   26.300000    0.100000    4.300000
  GENA:     1.600467  106.400000    2.268928   26.300000    0.100000    4.300000
  GENA:     1.600467  106.400000    2.268928   26.300000    0.100000    4.300000
  GENA:     1.600467  106.400000    2.268928   26.300000    0.100000    4.300000
  GENA:     1.600467  106.400000    2.268928   26.300000    0.100000    4.300000
  GENA:     1.600467  106.400000    2.268928   26.300000    0.100000    4.300000
  GENA:     1.600467  106.400000    2.268928   26.300000    0.100000    4.300000
  GENA:     1.600467  106.400000    2.268928   26.300000    0.100000    4.300000
  GENA:     1.600467  106.400000    2.268928   26.300000    0.100000    4.300000
  GENA:     1.600467  106.400000    2.268928   26.300000    0.100000    4.300000
  GENA:     1.600467  106.400000    2.268928   26.300000    0.100000    4.300000
  GENA:     1.600467  106.400000    2.268928   26.300000    0.100000    4.300000
  GENA:     1.600467  106.400000    2.268928   26.300000    0.100000    4.300000
  GENA:     1.600467  106.400000    2.268928   26.300000    0.100000    4.300000
  GENA:     1.600467  106.400000    2.268928   26.300000    0.100000    4.300000
  GENA:     1.600467  106.400000    2.268928   26.300000    0.100000    4.300000
  GENA:     1.600467  106.400000    2.268928   26.300000    0.100000    4.300000
  GENA:     1.600467  106.400000    2.268928   26.300000    0.100000    4.300000
  GENA:     1.600467  106.400000    2.268928   26.300000    0.100000    4.300000
  GENA:     1.600467  106.400000    2.268928   26.300000    0.100000    4.300000
  GENA:     1.600467  106.400000    2.268928   26.300000    0.100000    4.300000
  GENA:     1.600467  106.400000    2.268928   26.300000    0.100000    4.300000
  GENA:     1.600467  106.400000    2.268928   26.300000    0.100000    4.300000
  GENA:     1.600467  106.400000    2.268928   26.300000    0.100000    4.300000
  GENA:     1.600467  106.400000    2.268928   26.300000    0.100000    4.300000
  GENA:     1.600467  106.400000    2.268928   26.300000    0.100000    4.300000
  GENA:     1.600467  106.400000    2.268928   26.300000    0.100000    4.300000
  GENA:     1.600467  106.400000    2.268928   26.300000    0.100000    4.300000
  GENA:     1.600467  106.400000    2.268928   26.300000    0.100000    4.300000
  GENA:     1.600467  106.400000    2.268928   26.300000    0.100000    4.300000
  GENA:     1.600467  106.400000    2.268928   26.300000    0.100000    4.300000
  GENA:     1.600467  106.400000    2.268928   26.300000    0.100000    4.300000
  GENA:     1.600467  106.400000    2.268928   26.300000    0.100000    4.300000
  GENA:     1.600467  106.400000    2.268928   26.300000    0.100000    4.300000
  GENA:     1.600467  106.400000    2.268928   26.300000    0.100000    4.300000
  GENA:     1.600467  106.400000    2.268928   26.300000    0.100000    4.300000
  GENA:     1.600467  106.400000    2.268928   26.300000    0.100000    4.300000
  GENA:     1.600467  106.400000    2.268928   26.300000    0.100000    4.300000
  GENA:     1.600467  106.400000    2.268928   26.300000    0.100000    4.300000
  GENA:     1.600467  106.400000    2.268928   26.300000    0.100000    4.300000
  GENA:     1.600467  106.400000    2.268928   26.300000    0.100000    4.300000
  GENA:     1.600467  106.400000    2.268928   26.300000    0.100000    4.300000
  GENA:     1.600467  106.400000    2.268928   26.300000    0.100000    4.300000
  GENA:     1.600467  106.400000    2.268928   26.300000    0.100000    4.300000
  GENA:     1.600467  106.400000    2.268928   26.300000    0.100000    4.300000
  GENA:     1.600467  106.400000    2.268928   26.300000    0.100000    4.300000
  GENA:     1.600467  106.400000    2.268928   26.300000    0.100000    4.300000
  GENA:     1.600467  106.400000    2.268928   26.300000    0.100000    4.300000
  GENA:     1.600467  106.400000    2.268928   26.300000    0.100000    4.300000
  GENA:     1.600467  106.400000    2.268928   26.300000    0.100000    4.300000
  GENA:     1.600467  106.400000    2.268928   26.300000    0.100000    4.300000
  GENA:     1.600467  106.400000    2.268928   26.300000    0.100000    4.300000
  GENA:     1.600467  106.400000    2.268928   26.300000    0.100000    4.300000
  GENA:     1.600467  106.400000    2.268928   26.300000    0.100000    4.300000
  GENA:     1.600467  106.400000    2.268928   26.300000    0.100000    4.300000
  GENA:     1.600467  106.400000    2.268928   26.300000    0.100000    4.300000
  GENA:     1.600467  106.400000    2.268928   26.300000    0.100000    4.300000
  GENA:     1.600467  106.400000    2.268928   26.300000    0.100000    4.300000
  GENA:     1.600467  106.400000    2.268928   26.300000    0.100000    4.300000
  GENA:     1.600467  106.400000    2.268928   26.300000    0.100000    4.300000
  GENA:     1.600467  106.400000    2.268928   26.300000    0.100000    4.300000
  GENA:     1.600467  106.400000    2.268928   26.300000    0.100000    4.300000
  GENA:     1.600467  106.400000    2.268928   26.300000    0.100000    4.300000
  GENA:     1.600467  106.400000    2.268928   26.300000    0.100000    4.300000
  GENA:     1.600467  106.400000    2.268928   26.300000    0.100000    4.300000
  GENA:     1.600467  106.400000    2.268928   26.300000    0.100000    4.300000
  GENA:     1.600467  106.400000    2.268928   26.300000    0.100000    4.300000
  GENA:     1.600467  106.400000    2.268928   26.300000    0.100000    4.300000
  GENA:     1.600467  106.400000    2.268928   26.300000    0.100000    4.300000
  GENA:     1.600467  106.400000    2.268928   26.300000    0.100000    4.300000
  GENA:     1.600467  106.400000    2.268928   26.300000    0.100000    4.300000
  GENA:     1.600467  106.400000    2.268928   26.300000    0.100000    4.300000
  GENA:     1.600467  106.400000    2.268928   26.300000    0.100000    4.300000
  GENA:     1.600467  106.400000    2.268928   26.300000    0.100000    4.300000
  GENA:     1.600467  106.400000    2.268928   26.300000    0.100000    4.300000
  GENA:     1.600467  106.400000    2.268928   26.300000    0.100000    4.300000
  GENA:     1.600467  106.400000    2.268928   26.300000    0.100000    4.300000
  GENA:     1.600467  106.400000    2.268928   26.300000    0.100000    4.300000
  GENA:     1.600467  106.400000    2.268928   26.300000    0.100000    4.300000
  GENA:     1.600467  106.400000    2.268928   26.300000    0.100000    4.300000
  GENA:     1.600467  106.400000    2.268928   26.300000    0.100000    4.300000
  GENA:     1.600467  106.400000    2.268928   26.300000    0.100000    4.300000
  GENA:     1.600467  106.400000    2.268928   26.300000    0.100000    4.300000
  GENA:     1.600467  106.400000    2.268928   26.300000    0.100000    4.300000
  GENA:     1.600467  106.400000    2.268928   26.300000    0.100000    4.300000
  GENA:     1.600467  106.400000    2.268928   26.300000    0.100000    4.300000
  GENA:     1.600467  106.400000    2.268928   26.300000    0.100000    4.300000
  GENA:     1.600467  106.400000    2.268928   26.300000    0.100000    4.300000
  GENA:     1.600467  106.400000    2.268928   26.300000    0.100000    4.300000
  GENA:     1.600467  106.400000    2.268928   26.300000    0.100000    4.300000
  GENA:     1.600467  106.400000    2.268928   26.300000    0.100000    4.300000
  GENA:     1.600467  106.400000    2.268928   26.300000    0.100000    4.300000
  GENA:     1.600467  106.400000    2.268928   26.300000    0.100000    4.300000
  GENA:     1.600467  106.400000    2.268928   26.300000    0.100000    4.300000
  GENA:     1.600467  106.400000    2.268928   26.300000    0.100000    4.300000
  GENA:     1.600467  106.400000    2.268928   26.300000    0.100000    4.300000
  GENA:     1.600467  106.400000    2.268928   26.300000    0.100000    4.300000
  GENA:     1.600467  106.400000    2.268928   26.300000    0.100000    4.300000
  GENA:     1.600467  106.400000    2.268928   26.300000    0.100000    4.300000
  GENA:     1.600467  106.400000    2.268928   26.300000    0.100000    4.300000
  GENA:     1.600467  106.400000    2.268928   26.300000    0.100000    4.300000
  GENA:     1.600467  106.400000    2.268928   26.300000    0.100000    4.300000
 PARRDR> USING GENERIC ANGLE POTENTIALS
 PARMIO> NONBOND, HBOND lists and IMAGE atoms cleared.
 VCLOSE: Closing unit   90 with status "KEEP"
  
 CHARMM>    read psf card name        @psf
 Parameter: PSF -> "NATIVE_STATE_MONOMER_SIMS/1YTA_CA_A.PSF"
 VOPEN> Attempting to open::native_state_monomer_sims/1yta_ca_a.psf::
 MAINIO> Protein structure file being read from unit  90.
 TITLE>  * CREATE PSF
 TITLE>  *   BY EDWARD P. O'BRIEN JR
 TITLE>  *  DATE:     3/24/20     15:52:14      CREATED BY USER: lxp260
 TITLE>  *
 PSFSUM> PSF modified: NONBOND lists and IMAGE atoms cleared.
 PSFSUM> Summary of the structure file counters :
         Number of segments      =        1   Number of residues   =      181
         Number of atoms         =      181   Number of groups     =      181
         Number of bonds         =      180   Number of angles     =      179
         Number of dihedrals     =      178   Number of impropers  =        0
         Number of cross-terms   =        0
         Number of HB acceptors  =        0   Number of HB donors  =        0
         Number of NB exclusions =        0   Total charge =  -10.00000
 VCLOSE: Closing unit   90 with status "KEEP"
  
 CHARMM>     
  
 CHARMM>    ! write all data for all residues for a given time point
 CHARMM>    ! onto one line of the output file
 CHARMM>    long
  
 CHARMM>     
  
 CHARMM>    ! open DCD file to be analyzed
 CHARMM>    open unit 51 read unform name @inpath
 Parameter: INPATH -> "MSM/POST_TRANSLATION/SLOW/1-200/1/1_I33_POST_TRANS_1YTA.DCD"
 VOPEN> Attempting to open::msm/post_translation/slow/1-200/1/1_i33_post_trans_1yta.dcd::
 OPNLGU> Unit 51 opened for READONLY access to msm/post_translation/slow/1-200/1/1_i33_post_trans_1yta.dcd
  
 CHARMM>     
  
 CHARMM>    ! open file to which data will be written
 CHARMM>    open unit 21 write form name @outpath
 Parameter: OUTPATH -> "SASA_DATA/SYNTHESIS/1_SLOW_1YTA_CA_SYNTH_CHARMM_SASA.TXT"
 VOPEN> Attempting to open::sasa_data/synthesis/1_slow_1yta_ca_synth_charmm_sasa.txt::
 OPNLGU> Unit 21 opened for WRITE access to sasa_data/synthesis/1_slow_1yta_ca_synth_charmm_sasa.txt
  
 CHARMM>     
  
 CHARMM>    ! run calculation for each frame in DCD file
 CHARMM>    correl maxseries @nres maxtime 50000 maxatom @nres
 Parameter: NRES -> "181"
 Parameter: NRES -> "181"

 NONBOND OPTION FLAGS: 
     ELEC     VDW      ATOMs    CDIElec  SWITch   VATOm    VSWItch 
     BYGRoup  NOEXtnd  NOEWald 
 CUTNB  = 37.000 CTEXNB =999.000 CTONNB = 18.000 CTOFNB = 20.000
 WMIN   =  1.500 WRNMXD =  0.500 E14FAC =  1.000 EPS    = 78.500
 NBXMOD =      3
 There are        0 atom  pairs and        0 atom  exclusions.
 There are        0 group pairs and        0 group exclusions.
 <MAKINB> with mode   3 found    359 exclusions and      0 interactions(1-4)
 <MAKGRP> found    359 group exclusions.
  
 CORREL>     
  
 CORREL>    enter asa surf rprobe 1.4 sele all end resi
 SELRPN>    181 atoms have been selected out of    181
  
 CORREL>     
  
 CORREL>    traj firstu 51 nunit 1 sele all end
 SELRPN>    181 atoms have been selected out of    181
 The following time series will be filled:
                    ASA 
                    ASA 
                    ASA 
                    ASA 
                    ASA 
                    ASA 
                    ASA 
                    ASA 
                    ASA 
                    ASA 
                    ASA 
                    ASA 
                    ASA 
                    ASA 
                    ASA 
                    ASA 
                    ASA 
                    ASA 
                    ASA 
                    ASA 
                    ASA 
                    ASA 
                    ASA 
                    ASA 
                    ASA 
                    ASA 
                    ASA 
                    ASA 
                    ASA 
                    ASA 
                    ASA 
                    ASA 
                    ASA 
                    ASA 
                    ASA 
                    ASA 
                    ASA 
                    ASA 
                    ASA 
                    ASA 
                    ASA 
                    ASA 
                    ASA 
                    ASA 
                    ASA 
                    ASA 
                    ASA 
                    ASA 
                    ASA 
                    ASA 
                    ASA 
                    ASA 
                    ASA 
                    ASA 
                    ASA 
                    ASA 
                    ASA 
                    ASA 
                    ASA 
                    ASA 
                    ASA 
                    ASA 
                    ASA 
                    ASA 
                    ASA 
                    ASA 
                    ASA 
                    ASA 
                    ASA 
                    ASA 
                    ASA 
                    ASA 
                    ASA 
                    ASA 
                    ASA 
                    ASA 
                    ASA 
                    ASA 
                    ASA 
                    ASA 
                    ASA 
                    ASA 
                    ASA 
                    ASA 
                    ASA 
                    ASA 
                    ASA 
                    ASA 
                    ASA 
                    ASA 
                    ASA 
                    ASA 
                    ASA 
                    ASA 
                    ASA 
                    ASA 
                    ASA 
                    ASA 
                    ASA 
                    ASA 
                    ASA 
                    ASA 
                    ASA 
                    ASA 
                    ASA 
                    ASA 
                    ASA 
                    ASA 
                    ASA 
                    ASA 
                    ASA 
                    ASA 
                    ASA 
                    ASA 
                    ASA 
                    ASA 
                    ASA 
                    ASA 
                    ASA 
                    ASA 
                    ASA 
                    ASA 
                    ASA 
                    ASA 
                    ASA 
                    ASA 
                    ASA 
                    ASA 
                    ASA 
                    ASA 
                    ASA 
                    ASA 
                    ASA 
                    ASA 
                    ASA 
                    ASA 
                    ASA 
                    ASA 
                    ASA 
                    ASA 
                    ASA 
                    ASA 
                    ASA 
                    ASA 
                    ASA 
                    ASA 
                    ASA 
                    ASA 
                    ASA 
                    ASA 
                    ASA 
                    ASA 
                    ASA 
                    ASA 
                    ASA 
                    ASA 
                    ASA 
                    ASA 
                    ASA 
                    ASA 
                    ASA 
                    ASA 
                    ASA 
                    ASA 
                    ASA 
                    ASA 
                    ASA 
                    ASA 
                    ASA 
                    ASA 
                    ASA 
                    ASA 
                    ASA 
                    ASA 
                    ASA 
                    ASA 
                    ASA 
                    ASA 
                    ASA 
                    ASA 
                    ASA 



 READING TRAJECTORY FROM UNIT  51
   NUMBER OF COORDINATE SETS IN FILE:    2000
   NUMBER OF PREVIOUS DYNAMICS STEPS:********
   FREQUENCY FOR SAVING COORDINATES:     5000
   NUMBER OF STEPS FOR CREATION RUN: 10000000

 TITLE>  * CHARMM
 TITLE>  * EDWARD P. O'BRIEN JR. UMD/NIH
 TITLE>  * EDITED BY DAN NISSLEY 05/02/18
 TITLE>  *  DATE:     8/ 6/20      5: 3: 2      CREATED BY USER: lxp260
 TITLE>  *
 *****  WARNING  ***** SKIP=    1 WAS NOT A MULTIPLE OF THE FILE INTERVAL= 5000
 IT HAS BEEN RESET TO 5000
 *****  WARNING  ***** BEGIN=       0 Was not specified. It has been set to:********

 2000 CORD RECORDS READ FROM   1 UNITS STARTING WITH UNIT  51
 RUNNING FROM STEP******** TO ******** SKIPPING 5000 STEPS BETWEEN RECORDS
 Time step was  0.3068224     AKMA time units.
    1 Series "ASA "  Average =     179.555312  rms Fluctuation =      33.613246
    2 Series "ASA "  Average =      66.626251  rms Fluctuation =      18.254288
    3 Series "ASA "  Average =     143.297972  rms Fluctuation =      47.928877
    4 Series "ASA "  Average =      41.472152  rms Fluctuation =      19.280922
    5 Series "ASA "  Average =      65.290211  rms Fluctuation =      19.766559
    6 Series "ASA "  Average =      77.294641  rms Fluctuation =      23.749283
    7 Series "ASA "  Average =      17.046714  rms Fluctuation =      12.732858
    8 Series "ASA "  Average =      25.510855  rms Fluctuation =       7.552119
    9 Series "ASA "  Average =      10.315538  rms Fluctuation =       2.937856
   10 Series "ASA "  Average =       9.598993  rms Fluctuation =       3.004349
   11 Series "ASA "  Average =      20.184153  rms Fluctuation =       4.679427
   12 Series "ASA "  Average =      12.460769  rms Fluctuation =       4.593586
   13 Series "ASA "  Average =      15.761750  rms Fluctuation =       4.479935
   14 Series "ASA "  Average =      50.686272  rms Fluctuation =      15.740829
   15 Series "ASA "  Average =      11.103846  rms Fluctuation =       9.392281
   16 Series "ASA "  Average =      19.630484  rms Fluctuation =      14.088590
   17 Series "ASA "  Average =      30.272465  rms Fluctuation =      20.131773
   18 Series "ASA "  Average =      88.327431  rms Fluctuation =      15.599096
   19 Series "ASA "  Average =     121.579267  rms Fluctuation =      15.952119
   20 Series "ASA "  Average =       5.866842  rms Fluctuation =       6.475939
   21 Series "ASA "  Average =     165.445292  rms Fluctuation =      14.593504
   22 Series "ASA "  Average =     117.556299  rms Fluctuation =      21.417989
   23 Series "ASA "  Average =       2.433912  rms Fluctuation =       5.067226
   24 Series "ASA "  Average =      27.458571  rms Fluctuation =       8.544839
   25 Series "ASA "  Average =      13.755172  rms Fluctuation =       3.858895
   26 Series "ASA "  Average =       8.592667  rms Fluctuation =       5.548674
   27 Series "ASA "  Average =       9.636958  rms Fluctuation =       3.968178
   28 Series "ASA "  Average =      13.889315  rms Fluctuation =       4.995317
   29 Series "ASA "  Average =       3.471482  rms Fluctuation =       3.957707
   30 Series "ASA "  Average =      10.466154  rms Fluctuation =       4.051964
   31 Series "ASA "  Average =      13.609250  rms Fluctuation =       4.275198
   32 Series "ASA "  Average =       1.917883  rms Fluctuation =       2.341139
   33 Series "ASA "  Average =      11.367996  rms Fluctuation =       2.836229
   34 Series "ASA "  Average =      17.280243  rms Fluctuation =       7.837588
   35 Series "ASA "  Average =      40.891676  rms Fluctuation =      14.655329
   36 Series "ASA "  Average =     166.847552  rms Fluctuation =      21.429889
   37 Series "ASA "  Average =      12.819402  rms Fluctuation =       4.795100
   38 Series "ASA "  Average =      65.547485  rms Fluctuation =      11.555048
   39 Series "ASA "  Average =      26.647449  rms Fluctuation =       8.170367
   40 Series "ASA "  Average =     171.576726  rms Fluctuation =      19.718484
   41 Series "ASA "  Average =      59.681510  rms Fluctuation =      13.135160
   42 Series "ASA "  Average =      53.197083  rms Fluctuation =      12.560346
   43 Series "ASA "  Average =      16.349335  rms Fluctuation =      15.350380
   44 Series "ASA "  Average =      98.066947  rms Fluctuation =      22.084248
   45 Series "ASA "  Average =      26.916096  rms Fluctuation =       8.639349
   46 Series "ASA "  Average =      45.776575  rms Fluctuation =       7.726213
   47 Series "ASA "  Average =       2.161480  rms Fluctuation =       2.143558
   48 Series "ASA "  Average =       7.100664  rms Fluctuation =       4.351537
   49 Series "ASA "  Average =       3.192517  rms Fluctuation =       4.354785
   50 Series "ASA "  Average =      54.148765  rms Fluctuation =      28.009665
   51 Series "ASA "  Average =      85.742322  rms Fluctuation =      47.176676
   52 Series "ASA "  Average =      27.373383  rms Fluctuation =      10.372991
   53 Series "ASA "  Average =     156.160231  rms Fluctuation =      43.058957
   54 Series "ASA "  Average =      23.105576  rms Fluctuation =      15.312019
   55 Series "ASA "  Average =      18.785268  rms Fluctuation =      15.695455
   56 Series "ASA "  Average =     100.000142  rms Fluctuation =      27.127445
   57 Series "ASA "  Average =     133.878078  rms Fluctuation =      24.127679
   58 Series "ASA "  Average =      23.537709  rms Fluctuation =      15.847375
   59 Series "ASA "  Average =     108.161120  rms Fluctuation =      25.253904
   60 Series "ASA "  Average =      50.085023  rms Fluctuation =      10.074807
   61 Series "ASA "  Average =     160.603131  rms Fluctuation =      28.610797
   62 Series "ASA "  Average =      19.836193  rms Fluctuation =      16.416599
   63 Series "ASA "  Average =      15.604158  rms Fluctuation =      13.256200
   64 Series "ASA "  Average =     146.530377  rms Fluctuation =      23.858256
   65 Series "ASA "  Average =      27.596255  rms Fluctuation =      15.702890
   66 Series "ASA "  Average =      19.430052  rms Fluctuation =      15.787143
   67 Series "ASA "  Average =      24.992215  rms Fluctuation =      16.069845
   68 Series "ASA "  Average =     117.482602  rms Fluctuation =      23.404210
   69 Series "ASA "  Average =      80.794515  rms Fluctuation =      33.444141
   70 Series "ASA "  Average =      43.294783  rms Fluctuation =      13.828455
   71 Series "ASA "  Average =      13.455138  rms Fluctuation =       7.494692
   72 Series "ASA "  Average =      34.561871  rms Fluctuation =      16.703390
   73 Series "ASA "  Average =      88.897107  rms Fluctuation =       8.593504
   74 Series "ASA "  Average =      85.343683  rms Fluctuation =      10.337201
   75 Series "ASA "  Average =       0.388970  rms Fluctuation =       0.925993
   76 Series "ASA "  Average =      32.016519  rms Fluctuation =      12.365024
   77 Series "ASA "  Average =     128.447440  rms Fluctuation =      10.887551
   78 Series "ASA "  Average =      83.290780  rms Fluctuation =      26.635918
   79 Series "ASA "  Average =      78.167224  rms Fluctuation =      25.082819
   80 Series "ASA "  Average =      44.489063  rms Fluctuation =      12.366161
   81 Series "ASA "  Average =      26.690737  rms Fluctuation =      10.469863
   82 Series "ASA "  Average =      39.393661  rms Fluctuation =      10.645870
   83 Series "ASA "  Average =     109.292223  rms Fluctuation =      10.085404
   84 Series "ASA "  Average =      46.454895  rms Fluctuation =       4.948623
   85 Series "ASA "  Average =       9.498837  rms Fluctuation =       2.805208
   86 Series "ASA "  Average =      35.297172  rms Fluctuation =       5.993323
   87 Series "ASA "  Average =      43.650603  rms Fluctuation =       4.398825
   88 Series "ASA "  Average =      47.227466  rms Fluctuation =       4.398374
   89 Series "ASA "  Average =      11.091178  rms Fluctuation =       4.425125
   90 Series "ASA "  Average =       7.972743  rms Fluctuation =       3.171896
   91 Series "ASA "  Average =     111.492380  rms Fluctuation =       5.591699
   92 Series "ASA "  Average =      92.104949  rms Fluctuation =      10.833319
   93 Series "ASA "  Average =      13.217124  rms Fluctuation =       3.229158
   94 Series "ASA "  Average =      28.541610  rms Fluctuation =       7.424293
   95 Series "ASA "  Average =      70.870603  rms Fluctuation =      20.899372
   96 Series "ASA "  Average =      27.099269  rms Fluctuation =      13.929594
   97 Series "ASA "  Average =       4.370655  rms Fluctuation =       5.581166
   98 Series "ASA "  Average =      61.338991  rms Fluctuation =      22.668763
   99 Series "ASA "  Average =      40.532450  rms Fluctuation =      20.399155
  100 Series "ASA "  Average =      26.718067  rms Fluctuation =      10.057540
  101 Series "ASA "  Average =      39.733770  rms Fluctuation =      14.400805
  102 Series "ASA "  Average =      14.525108  rms Fluctuation =       8.401118
  103 Series "ASA "  Average =      13.912967  rms Fluctuation =       6.633789
  104 Series "ASA "  Average =       7.208868  rms Fluctuation =       1.955289
  105 Series "ASA "  Average =      15.477267  rms Fluctuation =       4.917110
  106 Series "ASA "  Average =       4.482417  rms Fluctuation =       3.522879
  107 Series "ASA "  Average =      23.457952  rms Fluctuation =       7.908176
  108 Series "ASA "  Average =      53.695712  rms Fluctuation =      14.408346
  109 Series "ASA "  Average =      42.116386  rms Fluctuation =      28.964292
  110 Series "ASA "  Average =      31.049002  rms Fluctuation =       7.013760
  111 Series "ASA "  Average =     120.262805  rms Fluctuation =      20.221419
  112 Series "ASA "  Average =       8.199641  rms Fluctuation =       3.486726
  113 Series "ASA "  Average =      67.435810  rms Fluctuation =      11.184490
  114 Series "ASA "  Average =      25.964610  rms Fluctuation =       3.871718
  115 Series "ASA "  Average =       7.456161  rms Fluctuation =       3.388781
  116 Series "ASA "  Average =       7.902657  rms Fluctuation =       2.686374
  117 Series "ASA "  Average =      20.115633  rms Fluctuation =       4.227587
  118 Series "ASA "  Average =      75.353762  rms Fluctuation =       8.807638
  119 Series "ASA "  Average =      40.275085  rms Fluctuation =       7.023185
  120 Series "ASA "  Average =       5.654152  rms Fluctuation =       4.004667
  121 Series "ASA "  Average =     137.752273  rms Fluctuation =      11.371713
  122 Series "ASA "  Average =      38.358799  rms Fluctuation =       3.870517
  123 Series "ASA "  Average =      15.563707  rms Fluctuation =       3.199972
  124 Series "ASA "  Average =      13.791674  rms Fluctuation =       2.772560
  125 Series "ASA "  Average =      88.196341  rms Fluctuation =       8.207351
  126 Series "ASA "  Average =      69.599921  rms Fluctuation =      11.401429
  127 Series "ASA "  Average =       4.117390  rms Fluctuation =       2.961049
  128 Series "ASA "  Average =      57.700286  rms Fluctuation =      13.368708
  129 Series "ASA "  Average =      93.933301  rms Fluctuation =      17.932198
  130 Series "ASA "  Average =      61.611061  rms Fluctuation =       9.195811
  131 Series "ASA "  Average =      25.889076  rms Fluctuation =      12.162858
  132 Series "ASA "  Average =      66.464203  rms Fluctuation =      17.868619
  133 Series "ASA "  Average =      36.490907  rms Fluctuation =      16.766280
  134 Series "ASA "  Average =       7.305429  rms Fluctuation =       3.643512
  135 Series "ASA "  Average =      64.994079  rms Fluctuation =      13.883711
  136 Series "ASA "  Average =      34.538277  rms Fluctuation =       4.305632
  137 Series "ASA "  Average =      42.205369  rms Fluctuation =      20.467739
  138 Series "ASA "  Average =      27.996295  rms Fluctuation =      16.918903
  139 Series "ASA "  Average =     147.575210  rms Fluctuation =       9.177890
  140 Series "ASA "  Average =      84.066286  rms Fluctuation =      15.238788
  141 Series "ASA "  Average =       0.873948  rms Fluctuation =       1.563464
  142 Series "ASA "  Average =      14.642748  rms Fluctuation =       6.857179
  143 Series "ASA "  Average =     111.956587  rms Fluctuation =       9.607336
  144 Series "ASA "  Average =      63.934967  rms Fluctuation =      10.605318
  145 Series "ASA "  Average =      49.595456  rms Fluctuation =      16.553805
  146 Series "ASA "  Average =      85.045552  rms Fluctuation =      19.220592
  147 Series "ASA "  Average =     147.170122  rms Fluctuation =      41.776221
  148 Series "ASA "  Average =      45.390919  rms Fluctuation =      24.601306
  149 Series "ASA "  Average =      26.957083  rms Fluctuation =      18.033743
  150 Series "ASA "  Average =      96.964688  rms Fluctuation =      40.886544
  151 Series "ASA "  Average =     100.750670  rms Fluctuation =      29.885621
  152 Series "ASA "  Average =      24.860598  rms Fluctuation =      17.698974
  153 Series "ASA "  Average =     103.438001  rms Fluctuation =      43.977645
  154 Series "ASA "  Average =      89.721027  rms Fluctuation =      23.408137
  155 Series "ASA "  Average =     181.437683  rms Fluctuation =      24.225132
  156 Series "ASA "  Average =      59.099250  rms Fluctuation =      20.212527
  157 Series "ASA "  Average =      91.822263  rms Fluctuation =      24.098419
  158 Series "ASA "  Average =      54.085575  rms Fluctuation =      22.108766
  159 Series "ASA "  Average =     101.317458  rms Fluctuation =      31.510543
  160 Series "ASA "  Average =      12.828154  rms Fluctuation =      13.980446
  161 Series "ASA "  Average =      41.614751  rms Fluctuation =       9.119862
  162 Series "ASA "  Average =      73.037876  rms Fluctuation =      13.767621
  163 Series "ASA "  Average =      32.665714  rms Fluctuation =      15.052386
  164 Series "ASA "  Average =      10.890604  rms Fluctuation =       5.736673
  165 Series "ASA "  Average =      40.608607  rms Fluctuation =       7.140155
  166 Series "ASA "  Average =       5.936611  rms Fluctuation =       3.403474
  167 Series "ASA "  Average =       8.911145  rms Fluctuation =       4.838492
  168 Series "ASA "  Average =      29.918050  rms Fluctuation =       5.433512
  169 Series "ASA "  Average =      84.876415  rms Fluctuation =      12.533127
  170 Series "ASA "  Average =       5.236041  rms Fluctuation =       5.465842
  171 Series "ASA "  Average =      17.497309  rms Fluctuation =       4.910118
  172 Series "ASA "  Average =      31.226935  rms Fluctuation =       7.621049
  173 Series "ASA "  Average =      74.077493  rms Fluctuation =      13.734834
  174 Series "ASA "  Average =       0.271007  rms Fluctuation =       0.603034
  175 Series "ASA "  Average =      39.549555  rms Fluctuation =      13.650738
  176 Series "ASA "  Average =      93.219660  rms Fluctuation =      19.736325
  177 Series "ASA "  Average =      46.910761  rms Fluctuation =      11.420858
  178 Series "ASA "  Average =      22.471329  rms Fluctuation =      12.704575
  179 Series "ASA "  Average =      60.753524  rms Fluctuation =      18.987635
  180 Series "ASA "  Average =     110.836135  rms Fluctuation =      40.790042
  181 Series "ASA "  Average =     258.123353  rms Fluctuation =      40.912009
  
 CORREL>     
  
 CORREL>    write asa dumb time unit 21
 RDTITL>  
 RDTITL> No title read.
 VCLOSE: Closing unit   21 with status "KEEP"
  
 CORREL>     
  
 CORREL>    STOP
 VCLOSE: Closing unit   51 with status "KEEP"
$$$$$$  New timer profile $$$$$
 Total time                     12.77 Other:            0.00

                    NORMAL TERMINATION BY NORMAL STOP
                    MAXIMUM STACK SPACE USED IS   93262
                    STACK CURRENTLY IN USE IS      2548
                    NO WARNINGS WERE ISSUED
                    HEAP PRINTOUT-  HEAP SIZE         10240000
                    SPACE CURRENTLY IN USE IS          9100546
                    MAXIMUM SPACE USED IS              9128332
                    FREE LIST
  PRINHP> ADDRESS:               1 LENGTH:         1113352 NEXT:        10213535
  PRINHP> ADDRESS:        10213535 LENGTH:           26102 NEXT:               0

                    $$$$$ JOB ACCOUNTING INFORMATION $$$$$
                     ELAPSED TIME:    12.77  SECONDS 
                         CPU TIME:    12.16  SECONDS 
