 Processing passed argument "top=native_state_monomer_sims/2is3_ca_a.top"
 Parameter: top <- "native_state_monomer_sims/2is3_ca_a.top"
 Processing passed argument "param=native_state_monomer_sims/2is3_ca_a.prm"
 Parameter: param <- "native_state_monomer_sims/2is3_ca_a.prm"
 Processing passed argument "psf=native_state_monomer_sims/2is3_ca_a.psf"
 Parameter: psf <- "native_state_monomer_sims/2is3_ca_a.psf"
 Processing passed argument "inpath=msm_2is3/post_translation/slow/1-200/1/1_i33_post_trans_2is3.dcd"
 Parameter: inpath <- "msm_2is3/post_translation/slow/1-200/1/1_i33_post_trans_2is3.dcd"
 Processing passed argument "nsteps=2000"
 Parameter: nsteps <- "2000"
 Processing passed argument "nres=215"
 Parameter: nres <- "215"
 Processing passed argument "outpath=sasa_data/synthesis/1_slow_2is3_ca_synth_charmm_sasa.txt"
 Parameter: outpath <- "sasa_data/synthesis/1_slow_2is3_ca_synth_charmm_sasa.txt"
1
                 Chemistry at HARvard Macromolecular Mechanics
                   (CHARMM) - Developmental Version 35b5     August 15, 2010   
       Copyright(c) 1984-2001  President and Fellows of Harvard College
                              All Rights Reserved
      Current operating system: Linux-3.10.0-1160.49.1.el7.x86_64(x86_64)@co
                 Created on  2/ 4/22 at 18:42:49 by user: ims86       

            Maximum number of ATOMS:    360720, and RESidues:      120240
            Current HEAP size:        10240000, and STACK size:  10000000

 Processing passed argument "top=native_state_monomer_sims/2is3_ca_a.top"
 Parameter: TOP <- "NATIVE_STATE_MONOMER_SIMS/2IS3_CA_A.TOP"
 Processing passed argument "param=native_state_monomer_sims/2is3_ca_a.prm"
 Parameter: PARAM <- "NATIVE_STATE_MONOMER_SIMS/2IS3_CA_A.PRM"
 Processing passed argument "psf=native_state_monomer_sims/2is3_ca_a.psf"
 Parameter: PSF <- "NATIVE_STATE_MONOMER_SIMS/2IS3_CA_A.PSF"
 Processing passed argument "inpath=msm_2is3/post_translation/slow/1-200/1/1_i33_post_trans_2is3.dcd"
 Parameter: INPATH <- "MSM_2IS3/POST_TRANSLATION/SLOW/1-200/1/1_I33_POST_TRANS_2IS3.DCD"
 Processing passed argument "nsteps=2000"
 Parameter: NSTEPS <- "2000"
 Processing passed argument "nres=215"
 Parameter: NRES <- "215"
 Processing passed argument "outpath=sasa_data/synthesis/1_slow_2is3_ca_synth_charmm_sasa.txt"
 Parameter: OUTPATH <- "SASA_DATA/SYNTHESIS/1_SLOW_2IS3_CA_SYNTH_CHARMM_SASA.TXT"
 RDTITL> * CHARMM
 RDTITL> * DANIEL A. NISSLEY, PHD
 RDTITL> * 02/28/2019
 RDTITL>  
  
 CHARMM>     
  
 CHARMM>    prnlev 3
  
 CHARMM>    bomlev 0
  
 CHARMM>     
  
 CHARMM>    IOFO EXTE
 MISCOM> Expanded I/O format is used.
  
 CHARMM>     
  
 CHARMM>    ! @top     -> topology file
 CHARMM>    ! @param   -> parameter file
 CHARMM>    ! @psf     -> protein structure file
 CHARMM>    ! @inpath  -> path to input DCD file
 CHARMM>    ! @outpath -> path to output file
 CHARMM>    ! @nsteps  -> total number of time steps
 CHARMM>    ! @nres    -> number of atoms (residues = atoms for CG model)
 CHARMM>     
  
 CHARMM>    ! load CHARMM input files
 CHARMM>    read rtf card name        @top
 Parameter: TOP -> "NATIVE_STATE_MONOMER_SIMS/2IS3_CA_A.TOP"
 VOPEN> Attempting to open::native_state_monomer_sims/2is3_ca_a.top::
 MAINIO> Residue topology file being read from unit  90.
 TITLE> * THIS CHARMM .TOP FILE DESCRIBES A CA-CB GO MODEL OF COMPLEX
 TITLE> *
 VCLOSE: Closing unit   90 with status "KEEP"
  
 CHARMM>    read param card flex name @param
 Parameter: PARAM -> "NATIVE_STATE_MONOMER_SIMS/2IS3_CA_A.PRM"
 VOPEN> Attempting to open::native_state_monomer_sims/2is3_ca_a.prm::

          PARAMETER FILE BEING READ FROM UNIT 90
 TITLE> * THIS CHARMM .PARAM FILE DESCRIBES A GO MODEL OF COMPLEX
 TITLE> *
  GENA:     1.600467  106.400000    2.268928   26.300000    0.100000    4.300000
  GENA:     1.600467  106.400000    2.268928   26.300000    0.100000    4.300000
  GENA:     1.600467  106.400000    2.268928   26.300000    0.100000    4.300000
  GENA:     1.600467  106.400000    2.268928   26.300000    0.100000    4.300000
  GENA:     1.600467  106.400000    2.268928   26.300000    0.100000    4.300000
  GENA:     1.600467  106.400000    2.268928   26.300000    0.100000    4.300000
  GENA:     1.600467  106.400000    2.268928   26.300000    0.100000    4.300000
  GENA:     1.600467  106.400000    2.268928   26.300000    0.100000    4.300000
  GENA:     1.600467  106.400000    2.268928   26.300000    0.100000    4.300000
  GENA:     1.600467  106.400000    2.268928   26.300000    0.100000    4.300000
  GENA:     1.600467  106.400000    2.268928   26.300000    0.100000    4.300000
  GENA:     1.600467  106.400000    2.268928   26.300000    0.100000    4.300000
  GENA:     1.600467  106.400000    2.268928   26.300000    0.100000    4.300000
  GENA:     1.600467  106.400000    2.268928   26.300000    0.100000    4.300000
  GENA:     1.600467  106.400000    2.268928   26.300000    0.100000    4.300000
  GENA:     1.600467  106.400000    2.268928   26.300000    0.100000    4.300000
  GENA:     1.600467  106.400000    2.268928   26.300000    0.100000    4.300000
  GENA:     1.600467  106.400000    2.268928   26.300000    0.100000    4.300000
  GENA:     1.600467  106.400000    2.268928   26.300000    0.100000    4.300000
  GENA:     1.600467  106.400000    2.268928   26.300000    0.100000    4.300000
  GENA:     1.600467  106.400000    2.268928   26.300000    0.100000    4.300000
  GENA:     1.600467  106.400000    2.268928   26.300000    0.100000    4.300000
  GENA:     1.600467  106.400000    2.268928   26.300000    0.100000    4.300000
  GENA:     1.600467  106.400000    2.268928   26.300000    0.100000    4.300000
  GENA:     1.600467  106.400000    2.268928   26.300000    0.100000    4.300000
  GENA:     1.600467  106.400000    2.268928   26.300000    0.100000    4.300000
  GENA:     1.600467  106.400000    2.268928   26.300000    0.100000    4.300000
  GENA:     1.600467  106.400000    2.268928   26.300000    0.100000    4.300000
  GENA:     1.600467  106.400000    2.268928   26.300000    0.100000    4.300000
  GENA:     1.600467  106.400000    2.268928   26.300000    0.100000    4.300000
  GENA:     1.600467  106.400000    2.268928   26.300000    0.100000    4.300000
  GENA:     1.600467  106.400000    2.268928   26.300000    0.100000    4.300000
  GENA:     1.600467  106.400000    2.268928   26.300000    0.100000    4.300000
  GENA:     1.600467  106.400000    2.268928   26.300000    0.100000    4.300000
  GENA:     1.600467  106.400000    2.268928   26.300000    0.100000    4.300000
  GENA:     1.600467  106.400000    2.268928   26.300000    0.100000    4.300000
  GENA:     1.600467  106.400000    2.268928   26.300000    0.100000    4.300000
  GENA:     1.600467  106.400000    2.268928   26.300000    0.100000    4.300000
  GENA:     1.600467  106.400000    2.268928   26.300000    0.100000    4.300000
  GENA:     1.600467  106.400000    2.268928   26.300000    0.100000    4.300000
  GENA:     1.600467  106.400000    2.268928   26.300000    0.100000    4.300000
  GENA:     1.600467  106.400000    2.268928   26.300000    0.100000    4.300000
  GENA:     1.600467  106.400000    2.268928   26.300000    0.100000    4.300000
  GENA:     1.600467  106.400000    2.268928   26.300000    0.100000    4.300000
  GENA:     1.600467  106.400000    2.268928   26.300000    0.100000    4.300000
  GENA:     1.600467  106.400000    2.268928   26.300000    0.100000    4.300000
  GENA:     1.600467  106.400000    2.268928   26.300000    0.100000    4.300000
  GENA:     1.600467  106.400000    2.268928   26.300000    0.100000    4.300000
  GENA:     1.600467  106.400000    2.268928   26.300000    0.100000    4.300000
  GENA:     1.600467  106.400000    2.268928   26.300000    0.100000    4.300000
  GENA:     1.600467  106.400000    2.268928   26.300000    0.100000    4.300000
  GENA:     1.600467  106.400000    2.268928   26.300000    0.100000    4.300000
  GENA:     1.600467  106.400000    2.268928   26.300000    0.100000    4.300000
  GENA:     1.600467  106.400000    2.268928   26.300000    0.100000    4.300000
  GENA:     1.600467  106.400000    2.268928   26.300000    0.100000    4.300000
  GENA:     1.600467  106.400000    2.268928   26.300000    0.100000    4.300000
  GENA:     1.600467  106.400000    2.268928   26.300000    0.100000    4.300000
  GENA:     1.600467  106.400000    2.268928   26.300000    0.100000    4.300000
  GENA:     1.600467  106.400000    2.268928   26.300000    0.100000    4.300000
  GENA:     1.600467  106.400000    2.268928   26.300000    0.100000    4.300000
  GENA:     1.600467  106.400000    2.268928   26.300000    0.100000    4.300000
  GENA:     1.600467  106.400000    2.268928   26.300000    0.100000    4.300000
  GENA:     1.600467  106.400000    2.268928   26.300000    0.100000    4.300000
  GENA:     1.600467  106.400000    2.268928   26.300000    0.100000    4.300000
  GENA:     1.600467  106.400000    2.268928   26.300000    0.100000    4.300000
  GENA:     1.600467  106.400000    2.268928   26.300000    0.100000    4.300000
  GENA:     1.600467  106.400000    2.268928   26.300000    0.100000    4.300000
  GENA:     1.600467  106.400000    2.268928   26.300000    0.100000    4.300000
  GENA:     1.600467  106.400000    2.268928   26.300000    0.100000    4.300000
  GENA:     1.600467  106.400000    2.268928   26.300000    0.100000    4.300000
  GENA:     1.600467  106.400000    2.268928   26.300000    0.100000    4.300000
  GENA:     1.600467  106.400000    2.268928   26.300000    0.100000    4.300000
  GENA:     1.600467  106.400000    2.268928   26.300000    0.100000    4.300000
  GENA:     1.600467  106.400000    2.268928   26.300000    0.100000    4.300000
  GENA:     1.600467  106.400000    2.268928   26.300000    0.100000    4.300000
  GENA:     1.600467  106.400000    2.268928   26.300000    0.100000    4.300000
  GENA:     1.600467  106.400000    2.268928   26.300000    0.100000    4.300000
  GENA:     1.600467  106.400000    2.268928   26.300000    0.100000    4.300000
  GENA:     1.600467  106.400000    2.268928   26.300000    0.100000    4.300000
  GENA:     1.600467  106.400000    2.268928   26.300000    0.100000    4.300000
  GENA:     1.600467  106.400000    2.268928   26.300000    0.100000    4.300000
  GENA:     1.600467  106.400000    2.268928   26.300000    0.100000    4.300000
  GENA:     1.600467  106.400000    2.268928   26.300000    0.100000    4.300000
  GENA:     1.600467  106.400000    2.268928   26.300000    0.100000    4.300000
  GENA:     1.600467  106.400000    2.268928   26.300000    0.100000    4.300000
  GENA:     1.600467  106.400000    2.268928   26.300000    0.100000    4.300000
  GENA:     1.600467  106.400000    2.268928   26.300000    0.100000    4.300000
  GENA:     1.600467  106.400000    2.268928   26.300000    0.100000    4.300000
  GENA:     1.600467  106.400000    2.268928   26.300000    0.100000    4.300000
  GENA:     1.600467  106.400000    2.268928   26.300000    0.100000    4.300000
  GENA:     1.600467  106.400000    2.268928   26.300000    0.100000    4.300000
  GENA:     1.600467  106.400000    2.268928   26.300000    0.100000    4.300000
  GENA:     1.600467  106.400000    2.268928   26.300000    0.100000    4.300000
  GENA:     1.600467  106.400000    2.268928   26.300000    0.100000    4.300000
  GENA:     1.600467  106.400000    2.268928   26.300000    0.100000    4.300000
  GENA:     1.600467  106.400000    2.268928   26.300000    0.100000    4.300000
  GENA:     1.600467  106.400000    2.268928   26.300000    0.100000    4.300000
  GENA:     1.600467  106.400000    2.268928   26.300000    0.100000    4.300000
  GENA:     1.600467  106.400000    2.268928   26.300000    0.100000    4.300000
  GENA:     1.600467  106.400000    2.268928   26.300000    0.100000    4.300000
  GENA:     1.600467  106.400000    2.268928   26.300000    0.100000    4.300000
  GENA:     1.600467  106.400000    2.268928   26.300000    0.100000    4.300000
  GENA:     1.600467  106.400000    2.268928   26.300000    0.100000    4.300000
  GENA:     1.600467  106.400000    2.268928   26.300000    0.100000    4.300000
  GENA:     1.600467  106.400000    2.268928   26.300000    0.100000    4.300000
  GENA:     1.600467  106.400000    2.268928   26.300000    0.100000    4.300000
  GENA:     1.600467  106.400000    2.268928   26.300000    0.100000    4.300000
  GENA:     1.600467  106.400000    2.268928   26.300000    0.100000    4.300000
  GENA:     1.600467  106.400000    2.268928   26.300000    0.100000    4.300000
  GENA:     1.600467  106.400000    2.268928   26.300000    0.100000    4.300000
  GENA:     1.600467  106.400000    2.268928   26.300000    0.100000    4.300000
  GENA:     1.600467  106.400000    2.268928   26.300000    0.100000    4.300000
  GENA:     1.600467  106.400000    2.268928   26.300000    0.100000    4.300000
  GENA:     1.600467  106.400000    2.268928   26.300000    0.100000    4.300000
  GENA:     1.600467  106.400000    2.268928   26.300000    0.100000    4.300000
  GENA:     1.600467  106.400000    2.268928   26.300000    0.100000    4.300000
  GENA:     1.600467  106.400000    2.268928   26.300000    0.100000    4.300000
  GENA:     1.600467  106.400000    2.268928   26.300000    0.100000    4.300000
  GENA:     1.600467  106.400000    2.268928   26.300000    0.100000    4.300000
  GENA:     1.600467  106.400000    2.268928   26.300000    0.100000    4.300000
  GENA:     1.600467  106.400000    2.268928   26.300000    0.100000    4.300000
  GENA:     1.600467  106.400000    2.268928   26.300000    0.100000    4.300000
  GENA:     1.600467  106.400000    2.268928   26.300000    0.100000    4.300000
  GENA:     1.600467  106.400000    2.268928   26.300000    0.100000    4.300000
  GENA:     1.600467  106.400000    2.268928   26.300000    0.100000    4.300000
  GENA:     1.600467  106.400000    2.268928   26.300000    0.100000    4.300000
  GENA:     1.600467  106.400000    2.268928   26.300000    0.100000    4.300000
  GENA:     1.600467  106.400000    2.268928   26.300000    0.100000    4.300000
  GENA:     1.600467  106.400000    2.268928   26.300000    0.100000    4.300000
  GENA:     1.600467  106.400000    2.268928   26.300000    0.100000    4.300000
  GENA:     1.600467  106.400000    2.268928   26.300000    0.100000    4.300000
  GENA:     1.600467  106.400000    2.268928   26.300000    0.100000    4.300000
  GENA:     1.600467  106.400000    2.268928   26.300000    0.100000    4.300000
  GENA:     1.600467  106.400000    2.268928   26.300000    0.100000    4.300000
  GENA:     1.600467  106.400000    2.268928   26.300000    0.100000    4.300000
  GENA:     1.600467  106.400000    2.268928   26.300000    0.100000    4.300000
  GENA:     1.600467  106.400000    2.268928   26.300000    0.100000    4.300000
  GENA:     1.600467  106.400000    2.268928   26.300000    0.100000    4.300000
  GENA:     1.600467  106.400000    2.268928   26.300000    0.100000    4.300000
  GENA:     1.600467  106.400000    2.268928   26.300000    0.100000    4.300000
  GENA:     1.600467  106.400000    2.268928   26.300000    0.100000    4.300000
  GENA:     1.600467  106.400000    2.268928   26.300000    0.100000    4.300000
  GENA:     1.600467  106.400000    2.268928   26.300000    0.100000    4.300000
  GENA:     1.600467  106.400000    2.268928   26.300000    0.100000    4.300000
  GENA:     1.600467  106.400000    2.268928   26.300000    0.100000    4.300000
  GENA:     1.600467  106.400000    2.268928   26.300000    0.100000    4.300000
  GENA:     1.600467  106.400000    2.268928   26.300000    0.100000    4.300000
  GENA:     1.600467  106.400000    2.268928   26.300000    0.100000    4.300000
  GENA:     1.600467  106.400000    2.268928   26.300000    0.100000    4.300000
  GENA:     1.600467  106.400000    2.268928   26.300000    0.100000    4.300000
  GENA:     1.600467  106.400000    2.268928   26.300000    0.100000    4.300000
  GENA:     1.600467  106.400000    2.268928   26.300000    0.100000    4.300000
  GENA:     1.600467  106.400000    2.268928   26.300000    0.100000    4.300000
  GENA:     1.600467  106.400000    2.268928   26.300000    0.100000    4.300000
  GENA:     1.600467  106.400000    2.268928   26.300000    0.100000    4.300000
  GENA:     1.600467  106.400000    2.268928   26.300000    0.100000    4.300000
  GENA:     1.600467  106.400000    2.268928   26.300000    0.100000    4.300000
  GENA:     1.600467  106.400000    2.268928   26.300000    0.100000    4.300000
  GENA:     1.600467  106.400000    2.268928   26.300000    0.100000    4.300000
  GENA:     1.600467  106.400000    2.268928   26.300000    0.100000    4.300000
  GENA:     1.600467  106.400000    2.268928   26.300000    0.100000    4.300000
  GENA:     1.600467  106.400000    2.268928   26.300000    0.100000    4.300000
  GENA:     1.600467  106.400000    2.268928   26.300000    0.100000    4.300000
  GENA:     1.600467  106.400000    2.268928   26.300000    0.100000    4.300000
  GENA:     1.600467  106.400000    2.268928   26.300000    0.100000    4.300000
  GENA:     1.600467  106.400000    2.268928   26.300000    0.100000    4.300000
  GENA:     1.600467  106.400000    2.268928   26.300000    0.100000    4.300000
  GENA:     1.600467  106.400000    2.268928   26.300000    0.100000    4.300000
  GENA:     1.600467  106.400000    2.268928   26.300000    0.100000    4.300000
  GENA:     1.600467  106.400000    2.268928   26.300000    0.100000    4.300000
  GENA:     1.600467  106.400000    2.268928   26.300000    0.100000    4.300000
  GENA:     1.600467  106.400000    2.268928   26.300000    0.100000    4.300000
  GENA:     1.600467  106.400000    2.268928   26.300000    0.100000    4.300000
  GENA:     1.600467  106.400000    2.268928   26.300000    0.100000    4.300000
  GENA:     1.600467  106.400000    2.268928   26.300000    0.100000    4.300000
  GENA:     1.600467  106.400000    2.268928   26.300000    0.100000    4.300000
  GENA:     1.600467  106.400000    2.268928   26.300000    0.100000    4.300000
  GENA:     1.600467  106.400000    2.268928   26.300000    0.100000    4.300000
  GENA:     1.600467  106.400000    2.268928   26.300000    0.100000    4.300000
  GENA:     1.600467  106.400000    2.268928   26.300000    0.100000    4.300000
  GENA:     1.600467  106.400000    2.268928   26.300000    0.100000    4.300000
  GENA:     1.600467  106.400000    2.268928   26.300000    0.100000    4.300000
  GENA:     1.600467  106.400000    2.268928   26.300000    0.100000    4.300000
  GENA:     1.600467  106.400000    2.268928   26.300000    0.100000    4.300000
  GENA:     1.600467  106.400000    2.268928   26.300000    0.100000    4.300000
  GENA:     1.600467  106.400000    2.268928   26.300000    0.100000    4.300000
  GENA:     1.600467  106.400000    2.268928   26.300000    0.100000    4.300000
  GENA:     1.600467  106.400000    2.268928   26.300000    0.100000    4.300000
  GENA:     1.600467  106.400000    2.268928   26.300000    0.100000    4.300000
  GENA:     1.600467  106.400000    2.268928   26.300000    0.100000    4.300000
  GENA:     1.600467  106.400000    2.268928   26.300000    0.100000    4.300000
  GENA:     1.600467  106.400000    2.268928   26.300000    0.100000    4.300000
  GENA:     1.600467  106.400000    2.268928   26.300000    0.100000    4.300000
  GENA:     1.600467  106.400000    2.268928   26.300000    0.100000    4.300000
  GENA:     1.600467  106.400000    2.268928   26.300000    0.100000    4.300000
  GENA:     1.600467  106.400000    2.268928   26.300000    0.100000    4.300000
  GENA:     1.600467  106.400000    2.268928   26.300000    0.100000    4.300000
  GENA:     1.600467  106.400000    2.268928   26.300000    0.100000    4.300000
  GENA:     1.600467  106.400000    2.268928   26.300000    0.100000    4.300000
  GENA:     1.600467  106.400000    2.268928   26.300000    0.100000    4.300000
  GENA:     1.600467  106.400000    2.268928   26.300000    0.100000    4.300000
  GENA:     1.600467  106.400000    2.268928   26.300000    0.100000    4.300000
  GENA:     1.600467  106.400000    2.268928   26.300000    0.100000    4.300000
  GENA:     1.600467  106.400000    2.268928   26.300000    0.100000    4.300000
  GENA:     1.600467  106.400000    2.268928   26.300000    0.100000    4.300000
  GENA:     1.600467  106.400000    2.268928   26.300000    0.100000    4.300000
  GENA:     1.600467  106.400000    2.268928   26.300000    0.100000    4.300000
  GENA:     1.600467  106.400000    2.268928   26.300000    0.100000    4.300000
  GENA:     1.600467  106.400000    2.268928   26.300000    0.100000    4.300000
  GENA:     1.600467  106.400000    2.268928   26.300000    0.100000    4.300000
  GENA:     1.600467  106.400000    2.268928   26.300000    0.100000    4.300000
  GENA:     1.600467  106.400000    2.268928   26.300000    0.100000    4.300000
  GENA:     1.600467  106.400000    2.268928   26.300000    0.100000    4.300000
 PARRDR> USING GENERIC ANGLE POTENTIALS
 PARMIO> NONBOND, HBOND lists and IMAGE atoms cleared.
 VCLOSE: Closing unit   90 with status "KEEP"
  
 CHARMM>    read psf card name        @psf
 Parameter: PSF -> "NATIVE_STATE_MONOMER_SIMS/2IS3_CA_A.PSF"
 VOPEN> Attempting to open::native_state_monomer_sims/2is3_ca_a.psf::
 MAINIO> Protein structure file being read from unit  90.
 TITLE>  * CREATE PSF
 TITLE>  *   BY EDWARD P. O'BRIEN JR
 TITLE>  *  DATE:     9/20/20      9:14:26      CREATED BY USER: lxp260
 TITLE>  *
 PSFSUM> PSF modified: NONBOND lists and IMAGE atoms cleared.
 PSFSUM> Summary of the structure file counters :
         Number of segments      =        1   Number of residues   =      215
         Number of atoms         =      215   Number of groups     =      215
         Number of bonds         =      214   Number of angles     =      213
         Number of dihedrals     =      212   Number of impropers  =        0
         Number of cross-terms   =        0
         Number of HB acceptors  =        0   Number of HB donors  =        0
         Number of NB exclusions =        0   Total charge =   -9.00000
 VCLOSE: Closing unit   90 with status "KEEP"
  
 CHARMM>     
  
 CHARMM>    ! write all data for all residues for a given time point
 CHARMM>    ! onto one line of the output file
 CHARMM>    long
  
 CHARMM>     
  
 CHARMM>    ! open DCD file to be analyzed
 CHARMM>    open unit 51 read unform name @inpath
 Parameter: INPATH -> "MSM_2IS3/POST_TRANSLATION/SLOW/1-200/1/1_I33_POST_TRANS_2IS3.DCD"
 VOPEN> Attempting to open::msm_2is3/post_translation/slow/1-200/1/1_i33_post_trans_2is3.dcd::
 OPNLGU> Unit 51 opened for READONLY access to msm_2is3/post_translation/slow/1-200/1/1_i33_post_trans_2is3.dcd
  
 CHARMM>     
  
 CHARMM>    ! open file to which data will be written
 CHARMM>    open unit 21 write form name @outpath
 Parameter: OUTPATH -> "SASA_DATA/SYNTHESIS/1_SLOW_2IS3_CA_SYNTH_CHARMM_SASA.TXT"
 VOPEN> Attempting to open::sasa_data/synthesis/1_slow_2is3_ca_synth_charmm_sasa.txt::
 OPNLGU> Unit 21 opened for WRITE access to sasa_data/synthesis/1_slow_2is3_ca_synth_charmm_sasa.txt
  
 CHARMM>     
  
 CHARMM>    ! run calculation for each frame in DCD file
 CHARMM>    correl maxseries @nres maxtime 50000 maxatom @nres
 Parameter: NRES -> "215"
 Parameter: NRES -> "215"

 NONBOND OPTION FLAGS: 
     ELEC     VDW      ATOMs    CDIElec  SWITch   VATOm    VSWItch 
     BYGRoup  NOEXtnd  NOEWald 
 CUTNB  = 37.000 CTEXNB =999.000 CTONNB = 18.000 CTOFNB = 20.000
 WMIN   =  1.500 WRNMXD =  0.500 E14FAC =  1.000 EPS    = 78.500
 NBXMOD =      3
 There are        0 atom  pairs and        0 atom  exclusions.
 There are        0 group pairs and        0 group exclusions.
 <MAKINB> with mode   3 found    427 exclusions and      0 interactions(1-4)
 <MAKGRP> found    427 group exclusions.
 VEHEAP> Expanding heap size by        10813440 words.
  
 CORREL>     
  
 CORREL>    enter asa surf rprobe 1.4 sele all end resi
 SELRPN>    215 atoms have been selected out of    215
  
 CORREL>     
  
 CORREL>    traj firstu 51 nunit 1 sele all end
 SELRPN>    215 atoms have been selected out of    215
 The following time series will be filled:
                    ASA 
                    ASA 
                    ASA 
                    ASA 
                    ASA 
                    ASA 
                    ASA 
                    ASA 
                    ASA 
                    ASA 
                    ASA 
                    ASA 
                    ASA 
                    ASA 
                    ASA 
                    ASA 
                    ASA 
                    ASA 
                    ASA 
                    ASA 
                    ASA 
                    ASA 
                    ASA 
                    ASA 
                    ASA 
                    ASA 
                    ASA 
                    ASA 
                    ASA 
                    ASA 
                    ASA 
                    ASA 
                    ASA 
                    ASA 
                    ASA 
                    ASA 
                    ASA 
                    ASA 
                    ASA 
                    ASA 
                    ASA 
                    ASA 
                    ASA 
                    ASA 
                    ASA 
                    ASA 
                    ASA 
                    ASA 
                    ASA 
                    ASA 
                    ASA 
                    ASA 
                    ASA 
                    ASA 
                    ASA 
                    ASA 
                    ASA 
                    ASA 
                    ASA 
                    ASA 
                    ASA 
                    ASA 
                    ASA 
                    ASA 
                    ASA 
                    ASA 
                    ASA 
                    ASA 
                    ASA 
                    ASA 
                    ASA 
                    ASA 
                    ASA 
                    ASA 
                    ASA 
                    ASA 
                    ASA 
                    ASA 
                    ASA 
                    ASA 
                    ASA 
                    ASA 
                    ASA 
                    ASA 
                    ASA 
                    ASA 
                    ASA 
                    ASA 
                    ASA 
                    ASA 
                    ASA 
                    ASA 
                    ASA 
                    ASA 
                    ASA 
                    ASA 
                    ASA 
                    ASA 
                    ASA 
                    ASA 
                    ASA 
                    ASA 
                    ASA 
                    ASA 
                    ASA 
                    ASA 
                    ASA 
                    ASA 
                    ASA 
                    ASA 
                    ASA 
                    ASA 
                    ASA 
                    ASA 
                    ASA 
                    ASA 
                    ASA 
                    ASA 
                    ASA 
                    ASA 
                    ASA 
                    ASA 
                    ASA 
                    ASA 
                    ASA 
                    ASA 
                    ASA 
                    ASA 
                    ASA 
                    ASA 
                    ASA 
                    ASA 
                    ASA 
                    ASA 
                    ASA 
                    ASA 
                    ASA 
                    ASA 
                    ASA 
                    ASA 
                    ASA 
                    ASA 
                    ASA 
                    ASA 
                    ASA 
                    ASA 
                    ASA 
                    ASA 
                    ASA 
                    ASA 
                    ASA 
                    ASA 
                    ASA 
                    ASA 
                    ASA 
                    ASA 
                    ASA 
                    ASA 
                    ASA 
                    ASA 
                    ASA 
                    ASA 
                    ASA 
                    ASA 
                    ASA 
                    ASA 
                    ASA 
                    ASA 
                    ASA 
                    ASA 
                    ASA 
                    ASA 
                    ASA 
                    ASA 
                    ASA 
                    ASA 
                    ASA 
                    ASA 
                    ASA 
                    ASA 
                    ASA 
                    ASA 
                    ASA 
                    ASA 
                    ASA 
                    ASA 
                    ASA 
                    ASA 
                    ASA 
                    ASA 
                    ASA 
                    ASA 
                    ASA 
                    ASA 
                    ASA 
                    ASA 
                    ASA 
                    ASA 
                    ASA 
                    ASA 
                    ASA 
                    ASA 
                    ASA 
                    ASA 
                    ASA 
                    ASA 
                    ASA 
                    ASA 
                    ASA 
                    ASA 
                    ASA 
                    ASA 
                    ASA 
                    ASA 
                    ASA 



 READING TRAJECTORY FROM UNIT  51
   NUMBER OF COORDINATE SETS IN FILE:    2000
   NUMBER OF PREVIOUS DYNAMICS STEPS:********
   FREQUENCY FOR SAVING COORDINATES:     5000
   NUMBER OF STEPS FOR CREATION RUN: 10000000

 TITLE>  * CHARMM
 TITLE>  * EDWARD P. O'BRIEN JR. UMD/NIH
 TITLE>  * EDITED BY DAN NISSLEY 05/02/18
 TITLE>  *  DATE:    12/ 3/20     19:22:33      CREATED BY USER: lxp260
 TITLE>  *
 *****  WARNING  ***** SKIP=    1 WAS NOT A MULTIPLE OF THE FILE INTERVAL= 5000
 IT HAS BEEN RESET TO 5000
 *****  WARNING  ***** BEGIN=       0 Was not specified. It has been set to:********

 2000 CORD RECORDS READ FROM   1 UNITS STARTING WITH UNIT  51
 RUNNING FROM STEP******** TO ******** SKIPPING 5000 STEPS BETWEEN RECORDS
 Time step was  0.3068224     AKMA time units.
    1 Series "ASA "  Average =     121.033102  rms Fluctuation =      26.834718
    2 Series "ASA "  Average =     147.043972  rms Fluctuation =      31.914287
    3 Series "ASA "  Average =     150.503241  rms Fluctuation =      35.553430
    4 Series "ASA "  Average =      90.578131  rms Fluctuation =      29.957917
    5 Series "ASA "  Average =     112.533343  rms Fluctuation =      33.900185
    6 Series "ASA "  Average =     101.712939  rms Fluctuation =      34.879169
    7 Series "ASA "  Average =      95.146400  rms Fluctuation =      37.648305
    8 Series "ASA "  Average =      52.331187  rms Fluctuation =      27.567772
    9 Series "ASA "  Average =      23.978039  rms Fluctuation =      18.660726
   10 Series "ASA "  Average =      32.958686  rms Fluctuation =      30.691159
   11 Series "ASA "  Average =      11.443683  rms Fluctuation =      15.820550
   12 Series "ASA "  Average =      58.774628  rms Fluctuation =      24.209968
   13 Series "ASA "  Average =     110.099669  rms Fluctuation =      37.033051
   14 Series "ASA "  Average =      52.467562  rms Fluctuation =      16.831381
   15 Series "ASA "  Average =     101.531877  rms Fluctuation =      23.347413
   16 Series "ASA "  Average =      32.481562  rms Fluctuation =      12.364933
   17 Series "ASA "  Average =      18.718745  rms Fluctuation =       8.587548
   18 Series "ASA "  Average =      13.451584  rms Fluctuation =       7.057876
   19 Series "ASA "  Average =      31.584782  rms Fluctuation =       7.289054
   20 Series "ASA "  Average =      20.342737  rms Fluctuation =       3.532255
   21 Series "ASA "  Average =       3.222715  rms Fluctuation =       2.196835
   22 Series "ASA "  Average =      13.226626  rms Fluctuation =       3.283777
   23 Series "ASA "  Average =      14.635406  rms Fluctuation =       5.060903
   24 Series "ASA "  Average =       4.307911  rms Fluctuation =       3.074830
   25 Series "ASA "  Average =      35.052911  rms Fluctuation =      13.615674
   26 Series "ASA "  Average =      14.943362  rms Fluctuation =      15.501943
   27 Series "ASA "  Average =      32.007575  rms Fluctuation =      29.050988
   28 Series "ASA "  Average =      38.205792  rms Fluctuation =      23.205339
   29 Series "ASA "  Average =      89.614165  rms Fluctuation =      16.375850
   30 Series "ASA "  Average =     125.552450  rms Fluctuation =      20.029111
   31 Series "ASA "  Average =       9.728211  rms Fluctuation =      14.432548
   32 Series "ASA "  Average =      85.541353  rms Fluctuation =      23.673041
   33 Series "ASA "  Average =      66.155223  rms Fluctuation =      16.469815
   34 Series "ASA "  Average =      11.623893  rms Fluctuation =      15.498018
   35 Series "ASA "  Average =      19.763695  rms Fluctuation =      19.240009
   36 Series "ASA "  Average =      11.031708  rms Fluctuation =       5.399553
   37 Series "ASA "  Average =      28.945989  rms Fluctuation =      14.217207
   38 Series "ASA "  Average =      16.945544  rms Fluctuation =       7.495143
   39 Series "ASA "  Average =      18.832267  rms Fluctuation =       3.940463
   40 Series "ASA "  Average =       9.966838  rms Fluctuation =       4.625046
   41 Series "ASA "  Average =      16.340373  rms Fluctuation =       3.707709
   42 Series "ASA "  Average =      11.161629  rms Fluctuation =       3.650838
   43 Series "ASA "  Average =      22.586426  rms Fluctuation =       6.861993
   44 Series "ASA "  Average =      13.612138  rms Fluctuation =       4.497020
   45 Series "ASA "  Average =      46.992082  rms Fluctuation =      15.321507
   46 Series "ASA "  Average =      19.487745  rms Fluctuation =      18.727897
   47 Series "ASA "  Average =      72.532057  rms Fluctuation =      42.014676
   48 Series "ASA "  Average =      94.629235  rms Fluctuation =      42.927651
   49 Series "ASA "  Average =     114.554725  rms Fluctuation =      31.545709
   50 Series "ASA "  Average =      36.648931  rms Fluctuation =      22.859177
   51 Series "ASA "  Average =      38.538149  rms Fluctuation =      17.437419
   52 Series "ASA "  Average =      12.137859  rms Fluctuation =       7.795351
   53 Series "ASA "  Average =      51.134049  rms Fluctuation =      17.574227
   54 Series "ASA "  Average =      39.029367  rms Fluctuation =       9.966164
   55 Series "ASA "  Average =     100.127699  rms Fluctuation =      10.889684
   56 Series "ASA "  Average =      70.373591  rms Fluctuation =      10.549739
   57 Series "ASA "  Average =      41.587258  rms Fluctuation =       9.637186
   58 Series "ASA "  Average =      55.737278  rms Fluctuation =      10.691556
   59 Series "ASA "  Average =      33.295951  rms Fluctuation =      10.914918
   60 Series "ASA "  Average =      45.899777  rms Fluctuation =      17.429920
   61 Series "ASA "  Average =      20.491872  rms Fluctuation =      16.365462
   62 Series "ASA "  Average =      10.479985  rms Fluctuation =       7.534771
   63 Series "ASA "  Average =      30.128627  rms Fluctuation =      22.542725
   64 Series "ASA "  Average =      18.708417  rms Fluctuation =      17.072121
   65 Series "ASA "  Average =      73.718844  rms Fluctuation =      32.710407
   66 Series "ASA "  Average =     200.494941  rms Fluctuation =      54.378207
   67 Series "ASA "  Average =      95.964841  rms Fluctuation =      31.917302
   68 Series "ASA "  Average =      27.711362  rms Fluctuation =      23.976616
   69 Series "ASA "  Average =      39.093007  rms Fluctuation =      16.132073
   70 Series "ASA "  Average =      28.265124  rms Fluctuation =      18.746909
   71 Series "ASA "  Average =     101.040788  rms Fluctuation =      41.191371
   72 Series "ASA "  Average =     121.301870  rms Fluctuation =      39.370288
   73 Series "ASA "  Average =      72.687719  rms Fluctuation =      21.281016
   74 Series "ASA "  Average =      54.772396  rms Fluctuation =      24.467186
   75 Series "ASA "  Average =      49.195287  rms Fluctuation =      30.339386
   76 Series "ASA "  Average =      43.685274  rms Fluctuation =      21.245315
   77 Series "ASA "  Average =     169.843627  rms Fluctuation =      49.034903
   78 Series "ASA "  Average =      79.111092  rms Fluctuation =      41.163741
   79 Series "ASA "  Average =      51.099066  rms Fluctuation =      25.218028
   80 Series "ASA "  Average =      59.750938  rms Fluctuation =      27.685467
   81 Series "ASA "  Average =     102.248484  rms Fluctuation =      38.409588
   82 Series "ASA "  Average =      95.303957  rms Fluctuation =      34.789684
   83 Series "ASA "  Average =     135.145768  rms Fluctuation =      36.787467
   84 Series "ASA "  Average =      98.436006  rms Fluctuation =      34.595162
   85 Series "ASA "  Average =     103.725470  rms Fluctuation =      23.438491
   86 Series "ASA "  Average =     146.799334  rms Fluctuation =      33.257221
   87 Series "ASA "  Average =      97.333249  rms Fluctuation =      33.605769
   88 Series "ASA "  Average =      52.092307  rms Fluctuation =      23.337458
   89 Series "ASA "  Average =      97.316592  rms Fluctuation =      37.113498
   90 Series "ASA "  Average =      16.828149  rms Fluctuation =      13.271132
   91 Series "ASA "  Average =      41.423920  rms Fluctuation =      19.666338
   92 Series "ASA "  Average =      20.872241  rms Fluctuation =      13.383718
   93 Series "ASA "  Average =      21.608166  rms Fluctuation =      12.088511
   94 Series "ASA "  Average =      75.989917  rms Fluctuation =      16.152071
   95 Series "ASA "  Average =      18.292279  rms Fluctuation =       4.909559
   96 Series "ASA "  Average =      13.357884  rms Fluctuation =       4.840446
   97 Series "ASA "  Average =      11.425497  rms Fluctuation =       4.499618
   98 Series "ASA "  Average =     116.876089  rms Fluctuation =      12.685070
   99 Series "ASA "  Average =      35.680255  rms Fluctuation =       5.103871
  100 Series "ASA "  Average =       9.719287  rms Fluctuation =       5.695929
  101 Series "ASA "  Average =     101.318431  rms Fluctuation =      13.067495
  102 Series "ASA "  Average =      45.463583  rms Fluctuation =       5.676915
  103 Series "ASA "  Average =      26.682283  rms Fluctuation =       5.788827
  104 Series "ASA "  Average =      42.286844  rms Fluctuation =      11.332378
  105 Series "ASA "  Average =      48.430929  rms Fluctuation =       7.301043
  106 Series "ASA "  Average =      44.575558  rms Fluctuation =      10.053935
  107 Series "ASA "  Average =       7.527903  rms Fluctuation =       5.623536
  108 Series "ASA "  Average =      43.590190  rms Fluctuation =      12.374665
  109 Series "ASA "  Average =     150.152154  rms Fluctuation =      25.267240
  110 Series "ASA "  Average =      50.724887  rms Fluctuation =      29.405681
  111 Series "ASA "  Average =      68.058111  rms Fluctuation =      21.646115
  112 Series "ASA "  Average =      10.022968  rms Fluctuation =       7.363040
  113 Series "ASA "  Average =      80.742337  rms Fluctuation =      15.256337
  114 Series "ASA "  Average =      22.900819  rms Fluctuation =       7.108752
  115 Series "ASA "  Average =       3.829515  rms Fluctuation =       1.541404
  116 Series "ASA "  Average =       4.097517  rms Fluctuation =       3.542835
  117 Series "ASA "  Average =       8.284136  rms Fluctuation =       2.063148
  118 Series "ASA "  Average =       7.192463  rms Fluctuation =       2.797754
  119 Series "ASA "  Average =       1.388413  rms Fluctuation =       2.568469
  120 Series "ASA "  Average =      30.655072  rms Fluctuation =      10.127194
  121 Series "ASA "  Average =      74.790818  rms Fluctuation =      11.805540
  122 Series "ASA "  Average =      15.182452  rms Fluctuation =       8.713136
  123 Series "ASA "  Average =      41.922322  rms Fluctuation =       8.785302
  124 Series "ASA "  Average =     116.969204  rms Fluctuation =      14.353626
  125 Series "ASA "  Average =       6.610666  rms Fluctuation =       4.637783
  126 Series "ASA "  Average =       6.293585  rms Fluctuation =       5.827420
  127 Series "ASA "  Average =      42.101829  rms Fluctuation =       6.074368
  128 Series "ASA "  Average =       2.959696  rms Fluctuation =       4.675369
  129 Series "ASA "  Average =      54.831957  rms Fluctuation =       6.875131
  130 Series "ASA "  Average =      19.588886  rms Fluctuation =       7.575109
  131 Series "ASA "  Average =      27.004138  rms Fluctuation =       7.847185
  132 Series "ASA "  Average =      19.281461  rms Fluctuation =      10.343449
  133 Series "ASA "  Average =       5.589425  rms Fluctuation =       6.226178
  134 Series "ASA "  Average =      62.996974  rms Fluctuation =      12.816812
  135 Series "ASA "  Average =     136.247283  rms Fluctuation =      25.910319
  136 Series "ASA "  Average =      29.037114  rms Fluctuation =      14.412481
  137 Series "ASA "  Average =     119.936884  rms Fluctuation =      22.590523
  138 Series "ASA "  Average =      39.168627  rms Fluctuation =      25.591939
  139 Series "ASA "  Average =     133.561450  rms Fluctuation =      53.965024
  140 Series "ASA "  Average =      79.075910  rms Fluctuation =      51.621372
  141 Series "ASA "  Average =      66.496496  rms Fluctuation =      22.885726
  142 Series "ASA "  Average =      13.972689  rms Fluctuation =       5.424715
  143 Series "ASA "  Average =      23.275202  rms Fluctuation =       7.327231
  144 Series "ASA "  Average =      37.407053  rms Fluctuation =      10.302316
  145 Series "ASA "  Average =     113.965345  rms Fluctuation =      20.384089
  146 Series "ASA "  Average =     172.400118  rms Fluctuation =      21.822089
  147 Series "ASA "  Average =      48.311898  rms Fluctuation =      30.005994
  148 Series "ASA "  Average =      23.999250  rms Fluctuation =      17.022411
  149 Series "ASA "  Average =      71.824322  rms Fluctuation =      19.574455
  150 Series "ASA "  Average =      22.818824  rms Fluctuation =      12.931532
  151 Series "ASA "  Average =      11.616288  rms Fluctuation =       9.530672
  152 Series "ASA "  Average =      21.053126  rms Fluctuation =      12.868189
  153 Series "ASA "  Average =     107.702592  rms Fluctuation =      13.235846
  154 Series "ASA "  Average =      63.666825  rms Fluctuation =      19.538287
  155 Series "ASA "  Average =       7.453798  rms Fluctuation =       7.258888
  156 Series "ASA "  Average =      18.437236  rms Fluctuation =      11.758851
  157 Series "ASA "  Average =      64.803121  rms Fluctuation =      15.969315
  158 Series "ASA "  Average =     107.522584  rms Fluctuation =      36.886652
  159 Series "ASA "  Average =      19.572442  rms Fluctuation =       8.904532
  160 Series "ASA "  Average =      88.071432  rms Fluctuation =      16.407499
  161 Series "ASA "  Average =      31.437160  rms Fluctuation =      11.963159
  162 Series "ASA "  Average =      43.784759  rms Fluctuation =      19.690941
  163 Series "ASA "  Average =     112.854121  rms Fluctuation =      14.409291
  164 Series "ASA "  Average =      30.309511  rms Fluctuation =      12.731804
  165 Series "ASA "  Average =      26.172915  rms Fluctuation =      17.827359
  166 Series "ASA "  Average =      73.906433  rms Fluctuation =       8.162801
  167 Series "ASA "  Average =       3.340279  rms Fluctuation =       2.802242
  168 Series "ASA "  Average =       6.774174  rms Fluctuation =       2.752234
  169 Series "ASA "  Average =      23.798890  rms Fluctuation =       7.012500
  170 Series "ASA "  Average =     112.943010  rms Fluctuation =      14.969020
  171 Series "ASA "  Average =      41.054998  rms Fluctuation =      15.624996
  172 Series "ASA "  Average =     103.817501  rms Fluctuation =      28.216020
  173 Series "ASA "  Average =      56.922089  rms Fluctuation =      10.485046
  174 Series "ASA "  Average =      76.400315  rms Fluctuation =      18.891491
  175 Series "ASA "  Average =      42.144765  rms Fluctuation =      19.498891
  176 Series "ASA "  Average =      97.482760  rms Fluctuation =      30.886786
  177 Series "ASA "  Average =      87.883588  rms Fluctuation =      35.436939
  178 Series "ASA "  Average =     156.674595  rms Fluctuation =      48.694453
  179 Series "ASA "  Average =      46.026938  rms Fluctuation =      28.284617
  180 Series "ASA "  Average =      89.233801  rms Fluctuation =      26.935969
  181 Series "ASA "  Average =      90.167443  rms Fluctuation =      33.823408
  182 Series "ASA "  Average =      74.329345  rms Fluctuation =      24.587961
  183 Series "ASA "  Average =       6.677687  rms Fluctuation =       6.135798
  184 Series "ASA "  Average =      55.428312  rms Fluctuation =      10.056289
  185 Series "ASA "  Average =      62.076788  rms Fluctuation =      18.881851
  186 Series "ASA "  Average =      27.426788  rms Fluctuation =      14.369915
  187 Series "ASA "  Average =       1.837222  rms Fluctuation =       1.717980
  188 Series "ASA "  Average =      44.439961  rms Fluctuation =       6.661969
  189 Series "ASA "  Average =      22.783268  rms Fluctuation =       6.520236
  190 Series "ASA "  Average =      11.267555  rms Fluctuation =       5.803800
  191 Series "ASA "  Average =       7.367838  rms Fluctuation =       2.321478
  192 Series "ASA "  Average =      43.715467  rms Fluctuation =       8.493565
  193 Series "ASA "  Average =       9.006007  rms Fluctuation =       3.763463
  194 Series "ASA "  Average =      15.866558  rms Fluctuation =       5.223117
  195 Series "ASA "  Average =      23.853831  rms Fluctuation =       6.881481
  196 Series "ASA "  Average =      25.396586  rms Fluctuation =       8.426135
  197 Series "ASA "  Average =       5.181923  rms Fluctuation =       5.331143
  198 Series "ASA "  Average =      52.426598  rms Fluctuation =      15.008442
  199 Series "ASA "  Average =      13.307231  rms Fluctuation =       8.678479
  200 Series "ASA "  Average =      84.532601  rms Fluctuation =      26.347997
  201 Series "ASA "  Average =      33.024222  rms Fluctuation =      18.472568
  202 Series "ASA "  Average =      47.287042  rms Fluctuation =      24.080507
  203 Series "ASA "  Average =      78.398748  rms Fluctuation =      29.535487
  204 Series "ASA "  Average =     144.925643  rms Fluctuation =      41.243503
  205 Series "ASA "  Average =      82.779886  rms Fluctuation =      27.494705
  206 Series "ASA "  Average =      48.312997  rms Fluctuation =      19.411060
  207 Series "ASA "  Average =      79.631587  rms Fluctuation =      31.283198
  208 Series "ASA "  Average =     102.073300  rms Fluctuation =      36.212597
  209 Series "ASA "  Average =     112.979747  rms Fluctuation =      34.419379
  210 Series "ASA "  Average =      78.239760  rms Fluctuation =      24.968789
  211 Series "ASA "  Average =     115.989828  rms Fluctuation =      32.948351
  212 Series "ASA "  Average =      98.958709  rms Fluctuation =      26.377604
  213 Series "ASA "  Average =     171.560892  rms Fluctuation =      40.219859
  214 Series "ASA "  Average =     220.841848  rms Fluctuation =      44.917823
  215 Series "ASA "  Average =      90.948275  rms Fluctuation =      21.130691
  
 CORREL>     
  
 CORREL>    write asa dumb time unit 21
 RDTITL>  
 RDTITL> No title read.
 VCLOSE: Closing unit   21 with status "KEEP"
  
 CORREL>     
  
 CORREL>    STOP
 VCLOSE: Closing unit   51 with status "KEEP"
$$$$$$  New timer profile $$$$$
 Total time                     13.50 Other:            0.00

                    NORMAL TERMINATION BY NORMAL STOP
                    MAXIMUM STACK SPACE USED IS   94094
                    STACK CURRENTLY IN USE IS      3024
                    NO WARNINGS WERE ISSUED
                    HEAP PRINTOUT-  HEAP SIZE         10240000
                    SPACE CURRENTLY IN USE IS         10800648
                    MAXIMUM SPACE USED IS             10837224
                    FREE LIST
  PRINHP> ADDRESS:               1 LENGTH:        10239568 NEXT:   5899289345245
  PRINHP> ADDRESS:   5899289345245 LENGTH:           13224 NEXT:               0

                    $$$$$ JOB ACCOUNTING INFORMATION $$$$$
                     ELAPSED TIME:    13.52  SECONDS 
                         CPU TIME:    13.39  SECONDS 
